
=== Sat Jan 12 13:07:26 2019

Packages were changed.
Update Mode: updateDependencies

The following packages were added:
  com.unity.collab-proxy@1.2.15
The following packages were updated:
  com.unity.analytics from version 2.0.16 to 3.2.2
  com.unity.package-manager-ui from version 1.9.11 to 2.0.3
  com.unity.textmeshpro from version 1.2.4 to 1.3.0

=== Thu Jan 31 11:42:03 2019

Packages were changed.
Update Mode: updateDependencies

The following packages were added:
  com.unity.timeline@0.0.0-builtin
  com.unity.xr.legacyinputhelpers@1.0.0
The following packages were updated:
  com.unity.package-manager-ui from version 2.0.3 to 0.0.0-builtin

=== Tue May  7 08:42:33 2019

Packages were changed.
Update Mode: updateDependencies

The following packages were added:
  com.unity.multiplayer-hlapi@1.0.2
The following packages were updated:
  com.unity.analytics from version 3.2.2 to 3.3.2
  com.unity.collab-proxy from version 1.2.15 to 1.2.16
  com.unity.package-manager-ui from version 0.0.0-builtin to 2.1.2
  com.unity.purchasing from version 2.0.3 to 2.0.6
  com.unity.textmeshpro from version 1.3.0 to 2.0.0
  com.unity.timeline from version 0.0.0-builtin to 1.0.0
  com.unity.xr.legacyinputhelpers from version 1.0.0 to 2.0.2

=== Sun Jun 30 22:20:02 2019

Packages were changed.
Update Mode: resetToDefaultDependencies

The following packages were added:
  com.unity.textmeshpro@1.3.0
The following packages were updated:
  com.unity.analytics from version 3.3.2 to 3.2.2
  com.unity.purchasing from version 2.0.6 to 2.0.3
  com.unity.package-manager-ui from version 2.1.2 to 2.0.3
  com.unity.collab-proxy from version 1.2.16 to 1.2.15
The following packages were removed:
  com.unity.multiplayer-hlapi@1.0.2
  com.unity.timeline@1.0.0
  com.unity.xr.legacyinputhelpers@2.0.2
